== A700000011376168 ==
Copied figures: 12 files
Processed dolphin-cache markdown: F:\KeyWordSystem\.dolphin_cache\markdown\A700000011376168.md
== adis16460_jp ==
Copied figures: 38 files
Processed dolphin-cache markdown: F:\KeyWordSystem\.dolphin_cache\markdown\adis16460_jp.md
== b5w_ld0101_1_2 ==
Copied figures: 9 files
Processed dolphin-generated markdown: F:\KeyWordSystem\.dolphin_cache\markdown\b5w_ld0101_1_2.md
== lm61 ==
Copied figures: 35 files
Processed dolphin-generated markdown: F:\KeyWordSystem\.dolphin_cache\markdown\lm61.md
== mcp9700 ==
Copied figures: 23 files
Processed dolphin-cache markdown: F:\KeyWordSystem\.dolphin_cache\markdown\mcp9700.md
== rosemount-3900-3900vp-ja-jp-7799952 ==
Copied figures: 12 files
Processed dolphin-generated markdown: F:\KeyWordSystem\.dolphin_cache\markdown\rosemount-3900-3900vp-ja-jp-7799952.md
== sa404 ==
Copied figures: 10 files
Processed dolphin-generated markdown: F:\KeyWordSystem\.dolphin_cache\markdown\sa404.md
== sensor-data ==
Copied figures: 4 files
Processed dolphin-generated markdown: F:\KeyWordSystem\.dolphin_cache\markdown\sensor-data.md
